<?xml version="1.0" encoding="UTF-8"?>
<!-- Generated by org.testng.reporters.JUnitXMLReporter -->
<testsuite hostname="Rajesh-PC" ignored="0" name="mytest01" tests="7" failures="0" timestamp="27 May 2025 11:15:06 GMT" time="30.647" errors="0">
  <testcase name="login" time="0.017" classname="day42_01.First_TestNG"/>
  <testcase name="logout" time="0.002" classname="day42_01.First_TestNG"/>
  <testcase name="openApplication" time="0.003" classname="day42_01.First_TestNG"/>
  <testcase name="openapp" time="8.705" classname="day42_01.Second_TestNG"/>
  <testcase name="testlogo" time="5.147" classname="day42_01.Second_TestNG"/>
  <testcase name="login" time="4.704" classname="day42_01.Second_TestNG"/>
  <testcase name="logout" time="11.999" classname="day42_01.Second_TestNG"/>
</testsuite> <!-- mytest01 -->
