<?xml version="1.0" encoding="UTF-8"?>
<!-- Generated by org.testng.reporters.JUnitXMLReporter -->
<testsuite hostname="Rajesh-PC" ignored="6" name="grouping test" tests="3" failures="0" timestamp="08 Jun 2025 05:49:42 GMT" time="0.064" errors="0">
  <testcase name="SignupByEmail" time="0.023" classname="day44.SignUpTest"/>
  <testcase name="SignupByFacebook" time="0.002" classname="day44.SignUpTest"/>
  <testcase name="SignupByTwitter" time="0.002" classname="day44.SignUpTest"/>
  <testcase name="PaymentInRupees" time="0.0" classname="day44.paymentTests">
    <ignored/>
  </testcase> <!-- PaymentInRupees -->
  <testcase name="PaymentInPounds" time="0.0" classname="day44.paymentTests">
    <ignored/>
  </testcase> <!-- PaymentInPounds -->
  <testcase name="loginByFacebook" time="0.0" classname="day44.LoginTests">
    <ignored/>
  </testcase> <!-- loginByFacebook -->
  <testcase name="loginByEmail" time="0.0" classname="day44.LoginTests">
    <ignored/>
  </testcase> <!-- loginByEmail -->
  <testcase name="loginByTwitter" time="0.0" classname="day44.LoginTests">
    <ignored/>
  </testcase> <!-- loginByTwitter -->
  <testcase name="PaymentInDollers" time="0.0" classname="day44.paymentTests">
    <ignored/>
  </testcase> <!-- PaymentInDollers -->
</testsuite> <!-- grouping test -->
